c:\users\haukka10\source\repos\esportalgorithm\esportalgorithm\x64\debug\vc143.pdb
c:\users\haukka10\source\repos\esportalgorithm\esportalgorithm\x64\debug\vc143.idb
c:\users\haukka10\source\repos\esportalgorithm\esportalgorithm\x64\debug\main.obj
c:\users\haukka10\source\repos\esportalgorithm\esportalgorithm\x64\debug\leaguealgorithm.obj
c:\users\haukka10\source\repos\esportalgorithm\esportalgorithm\x64\debug\teams.obj
c:\users\haukka10\source\repos\esportalgorithm\esportalgorithm\x64\debug\skills.obj
c:\users\haukka10\source\repos\esportalgorithm\esportalgorithm\x64\debug\showresults.obj
c:\users\haukka10\source\repos\esportalgorithm\esportalgorithm\x64\debug\players.obj
c:\users\haukka10\source\repos\esportalgorithm\esportalgorithm\x64\debug\newteamsalgorithm.obj
c:\users\haukka10\source\repos\esportalgorithm\esportalgorithm\x64\debug\impoertforfiles.obj
c:\users\haukka10\source\repos\esportalgorithm\x64\debug\esportalgorithm.exe
c:\users\haukka10\source\repos\esportalgorithm\x64\debug\esportalgorithm.pdb
c:\users\haukka10\source\repos\esportalgorithm\esportalgorithm\x64\debug\esportalgorithm.ilk
c:\users\haukka10\source\repos\esportalgorithm\esportalgorithm\x64\debug\esportalgorithm.tlog\cl.command.1.tlog
c:\users\haukka10\source\repos\esportalgorithm\esportalgorithm\x64\debug\esportalgorithm.tlog\cl.items.tlog
c:\users\haukka10\source\repos\esportalgorithm\esportalgorithm\x64\debug\esportalgorithm.tlog\cl.read.1.tlog
c:\users\haukka10\source\repos\esportalgorithm\esportalgorithm\x64\debug\esportalgorithm.tlog\cl.write.1.tlog
c:\users\haukka10\source\repos\esportalgorithm\esportalgorithm\x64\debug\esportalgorithm.tlog\link.command.1.tlog
c:\users\haukka10\source\repos\esportalgorithm\esportalgorithm\x64\debug\esportalgorithm.tlog\link.read.1.tlog
c:\users\haukka10\source\repos\esportalgorithm\esportalgorithm\x64\debug\esportalgorithm.tlog\link.secondary.1.tlog
c:\users\haukka10\source\repos\esportalgorithm\esportalgorithm\x64\debug\esportalgorithm.tlog\link.write.1.tlog
